2021-09-20 17:29:04.0585|0|DEBUG|Tp02.Program|init main 
2021-09-20 17:29:10.1350|0|INFO|Microsoft.Hosting.Lifetime|Application started. Press Ctrl+C to shut down. 
2021-09-20 17:29:10.1904|0|INFO|Microsoft.Hosting.Lifetime|Hosting environment: Development 
2021-09-20 17:29:10.2426|0|INFO|Microsoft.Hosting.Lifetime|Content root path: C:\Taller 2\Trabajos Practicos\tp022021-araasilva\Tp02 
2021-09-20 21:22:25.5044|0|DEBUG|Tp02.Program|init main 
2021-09-20 21:22:29.0390|0|INFO|Microsoft.Hosting.Lifetime|Application started. Press Ctrl+C to shut down. 
2021-09-20 21:22:29.1047|0|INFO|Microsoft.Hosting.Lifetime|Hosting environment: Development 
2021-09-20 21:22:29.1047|0|INFO|Microsoft.Hosting.Lifetime|Content root path: C:\Taller 2\Trabajos Practicos\tp022021-araasilva\Tp02 
2021-09-20 21:54:32.1205|0|DEBUG|Tp02.Program|init main 
2021-09-20 21:54:36.4585|0|INFO|Microsoft.Hosting.Lifetime|Application started. Press Ctrl+C to shut down. 
2021-09-20 21:54:36.4585|0|INFO|Microsoft.Hosting.Lifetime|Hosting environment: Development 
2021-09-20 21:54:36.4753|0|INFO|Microsoft.Hosting.Lifetime|Content root path: C:\Taller 2\Trabajos Practicos\tp022021-araasilva\Tp02 
2021-09-20 21:57:04.7916|0|DEBUG|Tp02.Program|init main 
2021-09-20 21:57:06.2711|0|INFO|Microsoft.Hosting.Lifetime|Application started. Press Ctrl+C to shut down. 
2021-09-20 21:57:06.2861|0|INFO|Microsoft.Hosting.Lifetime|Hosting environment: Development 
2021-09-20 21:57:06.2976|0|INFO|Microsoft.Hosting.Lifetime|Content root path: C:\Taller 2\Trabajos Practicos\tp022021-araasilva\Tp02 
2021-09-20 21:58:01.5697|0|DEBUG|Tp02.Program|init main 
2021-09-20 21:58:03.1181|0|INFO|Microsoft.Hosting.Lifetime|Application started. Press Ctrl+C to shut down. 
2021-09-20 21:58:03.1251|0|INFO|Microsoft.Hosting.Lifetime|Hosting environment: Development 
2021-09-20 21:58:03.1251|0|INFO|Microsoft.Hosting.Lifetime|Content root path: C:\Taller 2\Trabajos Practicos\tp022021-araasilva\Tp02 
2021-09-20 22:02:08.4204|0|DEBUG|Tp02.Program|init main 
2021-09-20 22:02:09.4530|0|INFO|Microsoft.Hosting.Lifetime|Application started. Press Ctrl+C to shut down. 
2021-09-20 22:02:09.4711|0|INFO|Microsoft.Hosting.Lifetime|Hosting environment: Development 
2021-09-20 22:02:09.4711|0|INFO|Microsoft.Hosting.Lifetime|Content root path: C:\Taller 2\Trabajos Practicos\tp022021-araasilva\Tp02 
2021-09-20 22:03:00.6685|0|DEBUG|Tp02.Program|init main 
2021-09-20 22:03:03.6002|0|INFO|Microsoft.Hosting.Lifetime|Application started. Press Ctrl+C to shut down. 
2021-09-20 22:03:03.6123|0|INFO|Microsoft.Hosting.Lifetime|Hosting environment: Development 
2021-09-20 22:03:03.6123|0|INFO|Microsoft.Hosting.Lifetime|Content root path: C:\Taller 2\Trabajos Practicos\tp022021-araasilva\Tp02 
2021-09-20 22:13:50.3185|0|DEBUG|Tp02.Program|init main 
2021-09-20 22:13:51.5991|0|INFO|Microsoft.Hosting.Lifetime|Application started. Press Ctrl+C to shut down. 
2021-09-20 22:13:51.6094|0|INFO|Microsoft.Hosting.Lifetime|Hosting environment: Development 
2021-09-20 22:13:51.6094|0|INFO|Microsoft.Hosting.Lifetime|Content root path: C:\Taller 2\Trabajos Practicos\tp022021-araasilva\Tp02 
2021-09-20 22:17:43.1277|0|DEBUG|Tp02.Program|init main 
2021-09-20 22:17:44.3353|0|INFO|Microsoft.Hosting.Lifetime|Application started. Press Ctrl+C to shut down. 
2021-09-20 22:17:44.3509|0|INFO|Microsoft.Hosting.Lifetime|Hosting environment: Development 
2021-09-20 22:17:44.3624|0|INFO|Microsoft.Hosting.Lifetime|Content root path: C:\Taller 2\Trabajos Practicos\tp022021-araasilva\Tp02 
2021-09-20 22:17:56.6299|0|INFO|Tp02.Controllers.HomeController|Datos guardados: Araceli Silva, Mariano moreno, 14/9/2021 00:00:00, 15/9/2021 00:00:00 
2021-09-20 22:25:02.3298|0|DEBUG|Tp02.Program|init main 
2021-09-20 22:25:03.7161|0|INFO|Microsoft.Hosting.Lifetime|Application started. Press Ctrl+C to shut down. 
2021-09-20 22:25:03.7405|0|INFO|Microsoft.Hosting.Lifetime|Hosting environment: Development 
2021-09-20 22:25:03.7521|0|INFO|Microsoft.Hosting.Lifetime|Content root path: C:\Taller 2\Trabajos Practicos\tp022021-araasilva\Tp02 
2021-09-20 22:26:17.9026|0|DEBUG|Tp02.Program|init main 
2021-09-20 22:26:19.2080|0|INFO|Microsoft.Hosting.Lifetime|Application started. Press Ctrl+C to shut down. 
2021-09-20 22:26:19.2248|0|INFO|Microsoft.Hosting.Lifetime|Hosting environment: Development 
2021-09-20 22:26:19.2356|0|INFO|Microsoft.Hosting.Lifetime|Content root path: C:\Taller 2\Trabajos Practicos\tp022021-araasilva\Tp02 
